This file contains any messages produced by compilers while
running configure, to aid debugging if configure makes a mistake.

It was created by configure, which was
generated by GNU Autoconf 2.61.  Invocation command line was

  $ ./configure 

## --------- ##
## Platform. ##
## --------- ##

hostname = illusionman1212-Inspiron-3576
uname -m = x86_64
uname -r = 5.4.0-77-generic
uname -s = Linux
uname -v = #86-Ubuntu SMP Thu Jun 17 02:35:03 UTC 2021

/usr/bin/uname -p = unknown
/bin/uname -X     = unknown

/bin/arch              = unknown
/usr/bin/arch -k       = unknown
/usr/convex/getsysinfo = unknown
/usr/bin/hostinfo      = unknown
/bin/machine           = unknown
/usr/bin/oslevel       = unknown
/bin/universe          = unknown

PATH: /home/illusionman1212/.deno/bin
PATH: /home/illusionman1212/Downloads/blender-2.90.1-linux64
PATH: /home/illusionman1212/android-studio/bin
PATH: /usr/local/vitasdk/bin
PATH: /home/illusionman1212/.local/bin
PATH: /usr/local/sbin
PATH: /usr/local/bin
PATH: /usr/sbin
PATH: /usr/bin
PATH: /sbin
PATH: /bin
PATH: /usr/games
PATH: /usr/local/games
PATH: /snap/bin
PATH: /home/illusionman1212/.dotnet/tools
PATH: /usr/local/go/bin
PATH: /home/illusionman1212/Downloads/squashfs-root/usr/bin
PATH: /home/illusionman1212/Android/Sdk/emulator
PATH: /home/illusionman1212/Android/Sdk/tools
PATH: /home/illusionman1212/Android/Sdk/tools/bin
PATH: /home/illusionman1212/Android/Sdk/platform-tools
PATH: /home/illusionman1212/bin


## ----------- ##
## Core tests. ##
## ----------- ##

configure:1944: checking for a BSD-compatible install
configure:2000: result: /usr/bin/install -c
configure:2011: checking whether build environment is sane
configure:2054: result: yes
configure:2082: checking for a thread-safe mkdir -p
configure:2121: result: /bin/mkdir -p
configure:2134: checking for gawk
configure:2150: found /usr/bin/gawk
configure:2161: result: gawk
configure:2172: checking whether make sets $(MAKE)
configure:2193: result: yes
configure:2384: checking whether to enable maintainer-specific portions of Makefiles
configure:2393: result: no
configure:2500: checking for gcc
configure:2516: found /usr/bin/gcc
configure:2527: result: gcc
configure:2765: checking for C compiler version
configure:2772: gcc --version >&5
gcc (Ubuntu 9.3.0-17ubuntu1~20.04) 9.3.0
Copyright (C) 2019 Free Software Foundation, Inc.
This is free software; see the source for copying conditions.  There is NO
warranty; not even for MERCHANTABILITY or FITNESS FOR A PARTICULAR PURPOSE.

configure:2775: $? = 0
configure:2782: gcc -v >&5
Using built-in specs.
COLLECT_GCC=gcc
COLLECT_LTO_WRAPPER=/usr/lib/gcc/x86_64-linux-gnu/9/lto-wrapper
OFFLOAD_TARGET_NAMES=nvptx-none:hsa
OFFLOAD_TARGET_DEFAULT=1
Target: x86_64-linux-gnu
Configured with: ../src/configure -v --with-pkgversion='Ubuntu 9.3.0-17ubuntu1~20.04' --with-bugurl=file:///usr/share/doc/gcc-9/README.Bugs --enable-languages=c,ada,c++,go,brig,d,fortran,objc,obj-c++,gm2 --prefix=/usr --with-gcc-major-version-only --program-suffix=-9 --program-prefix=x86_64-linux-gnu- --enable-shared --enable-linker-build-id --libexecdir=/usr/lib --without-included-gettext --enable-threads=posix --libdir=/usr/lib --enable-nls --enable-clocale=gnu --enable-libstdcxx-debug --enable-libstdcxx-time=yes --with-default-libstdcxx-abi=new --enable-gnu-unique-object --disable-vtable-verify --enable-plugin --enable-default-pie --with-system-zlib --with-target-system-zlib=auto --enable-objc-gc=auto --enable-multiarch --disable-werror --with-arch-32=i686 --with-abi=m64 --with-multilib-list=m32,m64,mx32 --enable-multilib --with-tune=generic --enable-offload-targets=nvptx-none=/build/gcc-9-HskZEa/gcc-9-9.3.0/debian/tmp-nvptx/usr,hsa --without-cuda-driver --enable-checking=release --build=x86_64-linux-gnu --host=x86_64-linux-gnu --target=x86_64-linux-gnu
Thread model: posix
gcc version 9.3.0 (Ubuntu 9.3.0-17ubuntu1~20.04) 
configure:2785: $? = 0
configure:2792: gcc -V >&5
gcc: error: unrecognized command line option '-V'
gcc: fatal error: no input files
compilation terminated.
configure:2795: $? = 1
configure:2818: checking for C compiler default output file name
configure:2845: gcc -Wall -O2   conftest.c  >&5
configure:2848: $? = 0
configure:2886: result: a.out
configure:2903: checking whether the C compiler works
configure:2913: ./a.out
configure:2916: $? = 0
configure:2933: result: yes
configure:2940: checking whether we are cross compiling
configure:2942: result: no
configure:2945: checking for suffix of executables
configure:2952: gcc -o conftest -Wall -O2   conftest.c  >&5
configure:2955: $? = 0
configure:2979: result: 
configure:2985: checking for suffix of object files
configure:3011: gcc -c -Wall -O2  conftest.c >&5
configure:3014: $? = 0
configure:3037: result: o
configure:3041: checking whether we are using the GNU C compiler
configure:3070: gcc -c -Wall -O2  conftest.c >&5
configure:3076: $? = 0
configure:3093: result: yes
configure:3098: checking whether gcc accepts -g
configure:3128: gcc -c -g  conftest.c >&5
configure:3134: $? = 0
configure:3233: result: yes
configure:3250: checking for gcc option to accept ISO C89
configure:3324: gcc  -c -Wall -O2  conftest.c >&5
configure:3330: $? = 0
configure:3353: result: none needed
configure:3382: checking for style of include used by make
configure:3410: result: GNU
configure:3435: checking dependency style of gcc
configure:3526: result: gcc3
configure:3542: checking whether gcc accepts -fPIE
configure:3557: result: yes
configure:3573: checking for a BSD-compatible install
configure:3629: result: /usr/bin/install -c
configure:3722: checking build system type
configure:3740: result: x86_64-unknown-linux-gnu
configure:3762: checking host system type
configure:3777: result: x86_64-unknown-linux-gnu
configure:3799: checking for a sed that does not truncate output
configure:3855: result: /bin/sed
configure:3858: checking for grep that handles long lines and -e
configure:3932: result: /bin/grep
configure:3937: checking for egrep
configure:4015: result: /bin/grep -E
configure:4031: checking for ld used by gcc
configure:4098: result: /usr/bin/ld
configure:4107: checking if the linker (/usr/bin/ld) is GNU ld
configure:4122: result: yes
configure:4127: checking for /usr/bin/ld option to reload object files
configure:4134: result: -r
configure:4152: checking for BSD-compatible nm
configure:4201: result: /usr/bin/nm -B
configure:4205: checking whether ln -s works
configure:4209: result: yes
configure:4216: checking how to recognize dependent libraries
configure:4402: result: pass_all
configure:4491: gcc -c -Wall -O2  conftest.c >&5
configure:4494: $? = 0
configure:4644: checking how to run the C preprocessor
configure:4684: gcc -E  conftest.c
configure:4690: $? = 0
configure:4721: gcc -E  conftest.c
conftest.c:11:10: fatal error: ac_nonexistent.h: No such file or directory
   11 | #include <ac_nonexistent.h>
      |          ^~~~~~~~~~~~~~~~~~
compilation terminated.
configure:4727: $? = 1
configure: failed program was:
| /* confdefs.h.  */
| #define PACKAGE_NAME ""
| #define PACKAGE_TARNAME ""
| #define PACKAGE_VERSION ""
| #define PACKAGE_STRING ""
| #define PACKAGE_BUGREPORT ""
| #define PACKAGE "bluez-libs"
| #define VERSION "3.35"
| #define CONFIGDIR "/etc/bluetooth"
| /* end confdefs.h.  */
| #include <ac_nonexistent.h>
configure:4760: result: gcc -E
configure:4789: gcc -E  conftest.c
configure:4795: $? = 0
configure:4826: gcc -E  conftest.c
conftest.c:11:10: fatal error: ac_nonexistent.h: No such file or directory
   11 | #include <ac_nonexistent.h>
      |          ^~~~~~~~~~~~~~~~~~
compilation terminated.
configure:4832: $? = 1
configure: failed program was:
| /* confdefs.h.  */
| #define PACKAGE_NAME ""
| #define PACKAGE_TARNAME ""
| #define PACKAGE_VERSION ""
| #define PACKAGE_STRING ""
| #define PACKAGE_BUGREPORT ""
| #define PACKAGE "bluez-libs"
| #define VERSION "3.35"
| #define CONFIGDIR "/etc/bluetooth"
| /* end confdefs.h.  */
| #include <ac_nonexistent.h>
configure:4870: checking for ANSI C header files
configure:4900: gcc -c -Wall -O2  conftest.c >&5
configure:4906: $? = 0
configure:5005: gcc -o conftest -Wall -O2   conftest.c  >&5
configure:5008: $? = 0
configure:5014: ./conftest
configure:5017: $? = 0
configure:5034: result: yes
configure:5058: checking for sys/types.h
configure:5079: gcc -c -Wall -O2  conftest.c >&5
configure:5085: $? = 0
configure:5101: result: yes
configure:5058: checking for sys/stat.h
configure:5079: gcc -c -Wall -O2  conftest.c >&5
configure:5085: $? = 0
configure:5101: result: yes
configure:5058: checking for stdlib.h
configure:5079: gcc -c -Wall -O2  conftest.c >&5
configure:5085: $? = 0
configure:5101: result: yes
configure:5058: checking for string.h
configure:5079: gcc -c -Wall -O2  conftest.c >&5
configure:5085: $? = 0
configure:5101: result: yes
configure:5058: checking for memory.h
configure:5079: gcc -c -Wall -O2  conftest.c >&5
configure:5085: $? = 0
configure:5101: result: yes
configure:5058: checking for strings.h
configure:5079: gcc -c -Wall -O2  conftest.c >&5
configure:5085: $? = 0
configure:5101: result: yes
configure:5058: checking for inttypes.h
configure:5079: gcc -c -Wall -O2  conftest.c >&5
configure:5085: $? = 0
configure:5101: result: yes
configure:5058: checking for stdint.h
configure:5079: gcc -c -Wall -O2  conftest.c >&5
configure:5085: $? = 0
configure:5101: result: yes
configure:5058: checking for unistd.h
configure:5079: gcc -c -Wall -O2  conftest.c >&5
configure:5085: $? = 0
configure:5101: result: yes
configure:5128: checking dlfcn.h usability
configure:5145: gcc -c -Wall -O2  conftest.c >&5
configure:5151: $? = 0
configure:5165: result: yes
configure:5169: checking dlfcn.h presence
configure:5184: gcc -E  conftest.c
configure:5190: $? = 0
configure:5204: result: yes
configure:5232: checking for dlfcn.h
configure:5240: result: yes
configure:5257: checking the maximum length of command line arguments
configure:5369: result: 1572864
configure:5381: checking command to parse /usr/bin/nm -B output from gcc object
configure:5486: gcc -c -Wall -O2  conftest.c >&5
configure:5489: $? = 0
configure:5493: /usr/bin/nm -B conftest.o \| sed -n -e 's/^.*[ 	]\([ABCDGIRSTW][ABCDGIRSTW]*\)[ 	][ 	]*\([_A-Za-z][_A-Za-z0-9]*\)$/\1 \2 \2/p' \> conftest.nm
configure:5496: $? = 0
configure:5548: gcc -o conftest -Wall -O2   conftest.c conftstm.o >&5
configure:5551: $? = 0
configure:5589: result: ok
configure:5593: checking for objdir
configure:5608: result: .libs
configure:5700: checking for ar
configure:5716: found /usr/bin/ar
configure:5727: result: ar
configure:5796: checking for ranlib
configure:5812: found /usr/bin/ranlib
configure:5823: result: ranlib
configure:5892: checking for strip
configure:5908: found /usr/bin/strip
configure:5919: result: strip
configure:6205: checking if gcc supports -fno-rtti -fno-exceptions
configure:6228: gcc -c -Wall -O2  -fno-rtti -fno-exceptions conftest.c >&5
cc1: warning: command line option '-fno-rtti' is valid for C++/D/ObjC++ but not for C
configure:6232: $? = 0
configure:6240: result: no
configure:6230: checking for gcc option to produce PIC
configure:6462: result: -fPIC
configure:6470: checking if gcc PIC flag -fPIC works
configure:6518: gcc -c -Wall -O2  -fPIC -DPIC conftest.c >&5
configure:6522: $? = 0
configure:6505: result: yes
configure:6504: checking if gcc static flag -static works
configure:6532: result: yes
configure:6542: checking if gcc supports -c -o file.o
configure:6622: gcc -c -Wall -O2  -o out/conftest2.o conftest.c >&5
configure:6626: $? = 0
configure:6565: result: yes
configure:6591: checking whether the gcc linker (/usr/bin/ld -m elf_x86_64) supports shared libraries
configure:7571: result: yes
configure:7592: checking whether -lc should be explicitly linked in
configure:7597: gcc -c -Wall -O2  conftest.c >&5
configure:7600: $? = 0
configure:7615: gcc -shared conftest.o  -v -Wl,-soname -Wl,conftest -o conftest 2\>\&1 \| grep  -lc  \>/dev/null 2\>\&1
configure:7618: $? = 0
configure:7630: result: no
configure:7638: checking dynamic linker characteristics
configure:8242: result: GNU/Linux ld.so
configure:8251: checking how to hardcode library paths into programs
configure:8276: result: immediate
configure:8290: checking whether stripping libraries is possible
configure:8295: result: yes
configure:9097: checking if libtool supports shared libraries
configure:9099: result: yes
configure:9102: checking whether to build shared libraries
configure:9123: result: yes
configure:9126: checking whether to build static libraries
configure:9130: result: yes
configure:9223: creating libtool
configure:9801: creating ./config.status

## ---------------------- ##
## Running config.status. ##
## ---------------------- ##

This file was extended by config.status, which was
generated by GNU Autoconf 2.61.  Invocation command line was

  CONFIG_FILES    = 
  CONFIG_HEADERS  = 
  CONFIG_LINKS    = 
  CONFIG_COMMANDS = 
  $ ./config.status 

on illusionman1212-Inspiron-3576

config.status:653: creating Makefile
config.status:653: creating include/Makefile
config.status:653: creating src/Makefile
config.status:653: creating bluez.pc
config.status:653: creating config.h
config.status:928: executing depfiles commands

## ---------------- ##
## Cache variables. ##
## ---------------- ##

ac_cv_build=x86_64-unknown-linux-gnu
ac_cv_c_compiler_gnu=yes
ac_cv_env_CC_set=
ac_cv_env_CC_value=
ac_cv_env_CFLAGS_set=
ac_cv_env_CFLAGS_value=
ac_cv_env_CPPFLAGS_set=
ac_cv_env_CPPFLAGS_value=
ac_cv_env_CPP_set=
ac_cv_env_CPP_value=
ac_cv_env_LDFLAGS_set=
ac_cv_env_LDFLAGS_value=
ac_cv_env_LIBS_set=
ac_cv_env_LIBS_value=
ac_cv_env_build_alias_set=
ac_cv_env_build_alias_value=
ac_cv_env_host_alias_set=
ac_cv_env_host_alias_value=
ac_cv_env_target_alias_set=
ac_cv_env_target_alias_value=
ac_cv_header_dlfcn_h=yes
ac_cv_header_inttypes_h=yes
ac_cv_header_memory_h=yes
ac_cv_header_stdc=yes
ac_cv_header_stdint_h=yes
ac_cv_header_stdlib_h=yes
ac_cv_header_string_h=yes
ac_cv_header_strings_h=yes
ac_cv_header_sys_stat_h=yes
ac_cv_header_sys_types_h=yes
ac_cv_header_unistd_h=yes
ac_cv_host=x86_64-unknown-linux-gnu
ac_cv_objext=o
ac_cv_path_EGREP='/bin/grep -E'
ac_cv_path_GREP=/bin/grep
ac_cv_path_install='/usr/bin/install -c'
ac_cv_path_mkdir=/bin/mkdir
ac_cv_prog_AWK=gawk
ac_cv_prog_CPP='gcc -E'
ac_cv_prog_ac_ct_AR=ar
ac_cv_prog_ac_ct_CC=gcc
ac_cv_prog_ac_ct_RANLIB=ranlib
ac_cv_prog_ac_ct_STRIP=strip
ac_cv_prog_cc_c89=
ac_cv_prog_cc_g=yes
ac_cv_prog_cc_pie=yes
ac_cv_prog_make_make_set=yes
am_cv_CC_dependencies_compiler_type=gcc3
lt_cv_deplibs_check_method=pass_all
lt_cv_file_magic_cmd='$MAGIC_CMD'
lt_cv_file_magic_test_file=
lt_cv_ld_reload_flag=-r
lt_cv_objdir=.libs
lt_cv_path_LD=/usr/bin/ld
lt_cv_path_NM='/usr/bin/nm -B'
lt_cv_path_SED=/bin/sed
lt_cv_prog_compiler_c_o=yes
lt_cv_prog_compiler_rtti_exceptions=no
lt_cv_prog_gnu_ld=yes
lt_cv_sys_global_symbol_pipe='sed -n -e '\''s/^.*[ 	]\([ABCDGIRSTW][ABCDGIRSTW]*\)[ 	][ 	]*\([_A-Za-z][_A-Za-z0-9]*\)$/\1 \2 \2/p'\'''
lt_cv_sys_global_symbol_to_c_name_address='sed -n -e '\''s/^: \([^ ]*\) $/  {\"\1\", (lt_ptr) 0},/p'\'' -e '\''s/^[BCDEGRST] \([^ ]*\) \([^ ]*\)$/  {"\2", (lt_ptr) \&\2},/p'\'''
lt_cv_sys_global_symbol_to_cdecl='sed -n -e '\''s/^. .* \(.*\)$/extern int \1;/p'\'''
lt_cv_sys_max_cmd_len=1572864
lt_lt_cv_prog_compiler_c_o='"yes"'
lt_lt_cv_sys_global_symbol_pipe='"sed -n -e '\''s/^.*[ 	]\\([ABCDGIRSTW][ABCDGIRSTW]*\\)[ 	][ 	]*\\([_A-Za-z][_A-Za-z0-9]*\\)\$/\\1 \\2 \\2/p'\''"'
lt_lt_cv_sys_global_symbol_to_c_name_address='"sed -n -e '\''s/^: \\([^ ]*\\) \$/  {\\\"\\1\\\", (lt_ptr) 0},/p'\'' -e '\''s/^[BCDEGRST] \\([^ ]*\\) \\([^ ]*\\)\$/  {\"\\2\", (lt_ptr) \\&\\2},/p'\''"'
lt_lt_cv_sys_global_symbol_to_cdecl='"sed -n -e '\''s/^. .* \\(.*\\)\$/extern int \\1;/p'\''"'

## ----------------- ##
## Output variables. ##
## ----------------- ##

ACLOCAL='${SHELL} /home/illusionman1212/Desktop/repos/platform_external_bluez-master/libs/missing --run aclocal-1.10'
AMDEPBACKSLASH='\'
AMDEP_FALSE='#'
AMDEP_TRUE=''
AMTAR='${SHELL} /home/illusionman1212/Desktop/repos/platform_external_bluez-master/libs/missing --run tar'
AR='ar'
AUTOCONF='${SHELL} /home/illusionman1212/Desktop/repos/platform_external_bluez-master/libs/missing --run autoconf'
AUTOHEADER='${SHELL} /home/illusionman1212/Desktop/repos/platform_external_bluez-master/libs/missing --run autoheader'
AUTOMAKE='${SHELL} /home/illusionman1212/Desktop/repos/platform_external_bluez-master/libs/missing --run automake-1.10'
AWK='gawk'
CC='gcc'
CCDEPMODE='depmode=gcc3'
CFLAGS='-Wall -O2 -D_FORTIFY_SOURCE=2 -fPIC'
CPP='gcc -E'
CPPFLAGS=''
CYGPATH_W='echo'
DEFS='-DHAVE_CONFIG_H'
DEPDIR='.deps'
ECHO='echo'
ECHO_C=''
ECHO_N='-n'
ECHO_T=''
EGREP='/bin/grep -E'
EXEEXT=''
GREP='/bin/grep'
INSTALL_DATA='${INSTALL} -m 644'
INSTALL_PROGRAM='${INSTALL}'
INSTALL_SCRIPT='${INSTALL}'
INSTALL_STRIP_PROGRAM='$(install_sh) -c -s'
LDFLAGS=' -pie'
LIBOBJS=''
LIBS=''
LIBTOOL='$(SHELL) $(top_builddir)/libtool'
LN_S='ln -s'
LTLIBOBJS=''
MAINT='#'
MAINTAINER_MODE_FALSE=''
MAINTAINER_MODE_TRUE='#'
MAKEINFO='${SHELL} /home/illusionman1212/Desktop/repos/platform_external_bluez-master/libs/missing --run makeinfo'
OBJEXT='o'
PACKAGE='bluez-libs'
PACKAGE_BUGREPORT=''
PACKAGE_NAME=''
PACKAGE_STRING=''
PACKAGE_TARNAME=''
PACKAGE_VERSION=''
PATH_SEPARATOR=':'
RANLIB='ranlib'
SED='/bin/sed'
SET_MAKE=''
SHELL='/bin/bash'
STRIP='strip'
VERSION='3.35'
ac_ct_CC='gcc'
am__fastdepCC_FALSE='#'
am__fastdepCC_TRUE=''
am__include='include'
am__isrc=''
am__leading_dot='.'
am__quote=''
am__tar='${AMTAR} chof - "$$tardir"'
am__untar='${AMTAR} xf -'
bindir='${exec_prefix}/bin'
build='x86_64-unknown-linux-gnu'
build_alias=''
build_cpu='x86_64'
build_os='linux-gnu'
build_vendor='unknown'
datadir='${datarootdir}'
datarootdir='${prefix}/share'
docdir='${datarootdir}/doc/${PACKAGE}'
dvidir='${docdir}'
exec_prefix='${prefix}'
host='x86_64-unknown-linux-gnu'
host_alias=''
host_cpu='x86_64'
host_os='linux-gnu'
host_vendor='unknown'
htmldir='${docdir}'
includedir='${prefix}/include'
infodir='${datarootdir}/info'
install_sh='$(SHELL) /home/illusionman1212/Desktop/repos/platform_external_bluez-master/libs/install-sh'
libdir='/usr/local/lib'
libexecdir='${exec_prefix}/libexec'
localedir='${datarootdir}/locale'
localstatedir='${prefix}/var'
mandir='${datarootdir}/man'
mkdir_p='/bin/mkdir -p'
oldincludedir='/usr/include'
pdfdir='${docdir}'
prefix='/usr/local'
program_transform_name='s,x,x,'
psdir='${docdir}'
sbindir='${exec_prefix}/sbin'
sharedstatedir='${prefix}/com'
sysconfdir='/etc'
target_alias=''

## ----------- ##
## confdefs.h. ##
## ----------- ##

#define PACKAGE_NAME ""
#define PACKAGE_TARNAME ""
#define PACKAGE_VERSION ""
#define PACKAGE_STRING ""
#define PACKAGE_BUGREPORT ""
#define PACKAGE "bluez-libs"
#define VERSION "3.35"
#define CONFIGDIR "/etc/bluetooth"
#define STDC_HEADERS 1
#define HAVE_SYS_TYPES_H 1
#define HAVE_SYS_STAT_H 1
#define HAVE_STDLIB_H 1
#define HAVE_STRING_H 1
#define HAVE_MEMORY_H 1
#define HAVE_STRINGS_H 1
#define HAVE_INTTYPES_H 1
#define HAVE_STDINT_H 1
#define HAVE_UNISTD_H 1
#define HAVE_DLFCN_H 1

configure: exit 0
